[01m[K/home/gt7219b/ros2_ws/src/ros_tutorials/turtlesim/tutorials/subscribejoypublishtwist.cpp:24:11:[m[K [01;31m[Kfatal error: [m[Kgeometry_msgs/msg/twist.hpp: No such file or directory
   24 | # include [01;31m[K<geometry_msgs/msg/twist.hpp>[m[K
      |           [01;31m[K^~~~~~~~~~~~~~~~~~~~~~~~~~~~~[m[K
compilation terminated.
gmake[2]: *** [CMakeFiles/talker2.dir/build.make:76: CMakeFiles/talker2.dir/tutorials/subscribejoypublishtwist.cpp.o] Error 1
gmake[1]: *** [CMakeFiles/Makefile2:710: CMakeFiles/talker2.dir/all] Error 2
gmake[1]: *** Waiting for unfinished jobs....
gmake: *** [Makefile:146: all] Error 2
