[0.014s] Invoking command in '/home/gt7219b/ros2_ws/src/ros_tutorials/turtlesim/build/turtlesim': CMAKE_PREFIX_PATH=/opt/ros/humble /usr/bin/cmake /home/gt7219b/ros2_ws/src/ros_tutorials/turtlesim -DCMAKE_INSTALL_PREFIX=/home/gt7219b/ros2_ws/src/ros_tutorials/turtlesim/install/turtlesim
[0.888s] -- The C compiler identification is GNU 11.3.0
[1.569s] -- The CXX compiler identification is GNU 11.3.0
[1.652s] -- Detecting C compiler ABI info
[1.825s] -- Detecting C compiler ABI info - done
[1.840s] -- Check for working C compiler: /usr/bin/cc - skipped
[1.841s] -- Detecting C compile features
[1.859s] -- Detecting C compile features - done
[1.866s] -- Detecting CXX compiler ABI info
[1.962s] -- Detecting CXX compiler ABI info - done
[1.975s] -- Check for working CXX compiler: /usr/bin/c++ - skipped
[1.975s] -- Detecting CXX compile features
[1.976s] -- Detecting CXX compile features - done
[1.979s] -- Found ament_cmake: 1.3.2 (/opt/ros/humble/share/ament_cmake/cmake)
[2.171s] -- Found Python3: /usr/bin/python3.10 (found version "3.10.6") found components: Interpreter 
[2.306s] -- Found ament_index_cpp: 1.4.0 (/opt/ros/humble/share/ament_index_cpp/cmake)
[2.310s] -- Found geometry_msgs: 4.2.2 (/opt/ros/humble/share/geometry_msgs/cmake)
[2.374s] -- Found rosidl_generator_c: 3.1.3 (/opt/ros/humble/share/rosidl_generator_c/cmake)
[2.380s] -- Found rosidl_adapter: 3.1.3 (/opt/ros/humble/share/rosidl_adapter/cmake)
[2.391s] -- Found rosidl_generator_cpp: 3.1.3 (/opt/ros/humble/share/rosidl_generator_cpp/cmake)
[2.409s] -- Using all available rosidl_typesupport_c: rosidl_typesupport_fastrtps_c;rosidl_typesupport_introspection_c
[2.436s] -- Using all available rosidl_typesupport_cpp: rosidl_typesupport_fastrtps_cpp;rosidl_typesupport_introspection_cpp
[2.627s] -- Found rclcpp: 16.0.1 (/opt/ros/humble/share/rclcpp/cmake)
[2.703s] -- Found rmw_implementation_cmake: 6.1.0 (/opt/ros/humble/share/rmw_implementation_cmake/cmake)
[2.706s] -- Found rmw_fastrtps_cpp: 6.2.1 (/opt/ros/humble/share/rmw_fastrtps_cpp/cmake)
[2.820s] -- Found OpenSSL: /usr/lib/x86_64-linux-gnu/libcrypto.so (found version "3.0.2")  
[2.849s] -- Found FastRTPS: /opt/ros/humble/include  
[2.903s] -- Using RMW implementation 'rmw_fastrtps_cpp' as default
[3.095s] -- Found rclcpp_action: 16.0.1 (/opt/ros/humble/share/rclcpp_action/cmake)
[3.235s] -- Found rosidl_default_generators: 1.2.0 (/opt/ros/humble/share/rosidl_default_generators/cmake)
[3.247s] -- Found std_srvs: 4.2.2 (/opt/ros/humble/share/std_srvs/cmake)
[3.273s] -- Found sensor_msgs: 4.2.2 (/opt/ros/humble/share/sensor_msgs/cmake)
[3.811s] -- Found ament_cmake_ros: 0.10.0 (/opt/ros/humble/share/ament_cmake_ros/cmake)
[4.281s] -- Using all available rosidl_typesupport_c: rosidl_typesupport_fastrtps_c;rosidl_typesupport_introspection_c
[4.459s] -- Using all available rosidl_typesupport_cpp: rosidl_typesupport_fastrtps_cpp;rosidl_typesupport_introspection_cpp
[4.490s] -- Found PythonInterp: /usr/bin/python3 (found suitable version "3.10.6", minimum required is "3.6") 
[4.492s] -- Found python_cmake_module: 0.10.0 (/opt/ros/humble/share/python_cmake_module/cmake)
[4.528s] -- Found PythonLibs: /usr/lib/x86_64-linux-gnu/libpython3.10.so (found suitable version "3.10.6", minimum required is "3.5") 
[4.529s] -- Using PYTHON_EXECUTABLE: /usr/bin/python3
[4.529s] -- Using PYTHON_INCLUDE_DIRS: /usr/include/python3.10
[4.529s] -- Using PYTHON_LIBRARIES: /usr/lib/x86_64-linux-gnu/libpython3.10.so
[4.560s] -- Found PythonExtra: .so  
[4.698s] -- Configuring done
[4.796s] -- Generating done
[4.801s] -- Build files have been written to: /home/gt7219b/ros2_ws/src/ros_tutorials/turtlesim/build/turtlesim
[4.815s] Invoked command in '/home/gt7219b/ros2_ws/src/ros_tutorials/turtlesim/build/turtlesim' returned '0': CMAKE_PREFIX_PATH=/opt/ros/humble /usr/bin/cmake /home/gt7219b/ros2_ws/src/ros_tutorials/turtlesim -DCMAKE_INSTALL_PREFIX=/home/gt7219b/ros2_ws/src/ros_tutorials/turtlesim/install/turtlesim
[4.819s] Invoking command in '/home/gt7219b/ros2_ws/src/ros_tutorials/turtlesim/build/turtlesim': CMAKE_PREFIX_PATH=/opt/ros/humble /usr/bin/cmake --build /home/gt7219b/ros2_ws/src/ros_tutorials/turtlesim/build/turtlesim -- -j4 -l4
[4.869s] [  1%] [34m[1mGenerating C code for ROS interfaces[0m
[4.880s] [  2%] [32mBuilding CXX object CMakeFiles/talker2.dir/tutorials/subscribejoypublishtwist.cpp.o[0m
[4.887s] [  3%] Built target ament_cmake_python_copy_turtlesim
[4.888s] [  3%] [34m[1mGenerating C++ code for ROS interfaces[0m
[4.911s] [  4%] [32mBuilding CXX object CMakeFiles/listener2.dir/tutorials/subscribejoypublishtwist.cpp.o[0m
[5.177s] [01m[K/home/gt7219b/ros2_ws/src/ros_tutorials/turtlesim/tutorials/subscribejoypublishtwist.cpp:24:11:[m[K [01;31m[Kfatal error: [m[Kgeometry_msgs/msg/twist.hpp: No such file or directory
[5.177s]    24 | # include [01;31m[K<geometry_msgs/msg/twist.hpp>[m[K
[5.177s]       |           [01;31m[K^~~~~~~~~~~~~~~~~~~~~~~~~~~~~[m[K
[5.177s] compilation terminated.
[5.180s] gmake[2]: *** [CMakeFiles/talker2.dir/build.make:76: CMakeFiles/talker2.dir/tutorials/subscribejoypublishtwist.cpp.o] Error 1
[5.180s] gmake[1]: *** [CMakeFiles/Makefile2:710: CMakeFiles/talker2.dir/all] Error 2
[5.180s] gmake[1]: *** Waiting for unfinished jobs....
[6.319s] [  4%] Built target turtlesim__cpp
[6.398s] [  7%] [32mBuilding C object CMakeFiles/turtlesim__rosidl_generator_c.dir/rosidl_generator_c/turtlesim/msg/detail/color__functions.c.o[0m
[6.399s] [  7%] [32mBuilding C object CMakeFiles/turtlesim__rosidl_generator_c.dir/rosidl_generator_c/turtlesim/action/detail/rotate_absolute__functions.c.o[0m
[6.399s] [  7%] [32mBuilding C object CMakeFiles/turtlesim__rosidl_generator_c.dir/rosidl_generator_c/turtlesim/msg/detail/pose__functions.c.o[0m
[6.488s] [  8%] [32mBuilding C object CMakeFiles/turtlesim__rosidl_generator_c.dir/rosidl_generator_c/turtlesim/srv/detail/kill__functions.c.o[0m
[6.492s] [  9%] [32mBuilding C object CMakeFiles/turtlesim__rosidl_generator_c.dir/rosidl_generator_c/turtlesim/srv/detail/set_pen__functions.c.o[0m
[6.563s] [ 11%] [32mBuilding C object CMakeFiles/turtlesim__rosidl_generator_c.dir/rosidl_generator_c/turtlesim/srv/detail/spawn__functions.c.o[0m
[6.563s] [ 11%] [32mBuilding C object CMakeFiles/turtlesim__rosidl_generator_c.dir/rosidl_generator_c/turtlesim/srv/detail/teleport_absolute__functions.c.o[0m
[6.574s] [ 12%] [32mBuilding C object CMakeFiles/turtlesim__rosidl_generator_c.dir/rosidl_generator_c/turtlesim/srv/detail/teleport_relative__functions.c.o[0m
[6.644s] [ 13%] [32m[1mLinking C shared library libturtlesim__rosidl_generator_c.so[0m
[6.685s] [ 13%] Built target turtlesim__rosidl_generator_c
[18.471s] [ 14%] [32m[1mLinking CXX executable listener2[0m
[19.237s] [ 14%] Built target listener2
[19.238s] gmake: *** [Makefile:146: all] Error 2
[19.251s] Invoked command in '/home/gt7219b/ros2_ws/src/ros_tutorials/turtlesim/build/turtlesim' returned '2': CMAKE_PREFIX_PATH=/opt/ros/humble /usr/bin/cmake --build /home/gt7219b/ros2_ws/src/ros_tutorials/turtlesim/build/turtlesim -- -j4 -l4
